<?xml version="1.0" encoding="UTF-8"?>
<robot generator="Robot 6.1.1 (Python 3.11.5 on darwin)" generated="20230924 19:57:02.227" rpa="false" schemaversion="4">
<suite id="s1" name="Tes2" source="/Users/wafi/VSCode/Stockbit/tests/tes2.robot">
<test id="s1-t1" name="Scenario 3 : Auto Buy" line="15">
<kw name="User Activates Trading Area (Virtual)" library="trading_area_page">
<kw name="Wait Until Element Is Visible" library="SeleniumLibrary">
<arg>${tradingAreaButton}</arg>
<doc>Waits until the element ``locator`` is visible.</doc>
<msg timestamp="20230924 19:57:02.333" level="INFO">Cannot capture screenshot because no browser is open.</msg>
<msg timestamp="20230924 19:57:02.334" level="FAIL">No browser is open.</msg>
<status status="FAIL" starttime="20230924 19:57:02.332" endtime="20230924 19:57:02.336"/>
</kw>
<kw name="Click Element" library="SeleniumLibrary">
<arg>${tradingAreaButton}</arg>
<doc>Click the element identified by ``locator``.</doc>
<status status="NOT RUN" starttime="20230924 19:57:02.336" endtime="20230924 19:57:02.336"/>
</kw>
<kw name="Click Button" library="SeleniumLibrary">
<arg>${virtualTradingButton}</arg>
<doc>Clicks the button identified by ``locator``.</doc>
<status status="NOT RUN" starttime="20230924 19:57:02.336" endtime="20230924 19:57:02.336"/>
</kw>
<kw name="Sleep" library="BuiltIn">
<arg>3</arg>
<doc>Pauses the test executed for the given time.</doc>
<status status="NOT RUN" starttime="20230924 19:57:02.336" endtime="20230924 19:57:02.336"/>
</kw>
<kw name="Wait Until Element Is Visible" library="SeleniumLibrary">
<arg>${homeStockbitLogo}</arg>
<doc>Waits until the element ``locator`` is visible.</doc>
<status status="NOT RUN" starttime="20230924 19:57:02.336" endtime="20230924 19:57:02.336"/>
</kw>
<status status="FAIL" starttime="20230924 19:57:02.332" endtime="20230924 19:57:02.336"/>
</kw>
<for flavor="IN">
<var>${row}</var>
<value>@{data_order}</value>
<iter>
<var name="${row}"/>
<kw name="Set Variable" library="BuiltIn">
<var>${symbol}</var>
<arg>${row}[0]</arg>
<doc>Returns the given values which can then be assigned to a variables.</doc>
<status status="NOT RUN" starttime="20230924 19:57:02.337" endtime="20230924 19:57:02.337"/>
</kw>
<kw name="Log" library="BuiltIn">
<arg>${symbol}</arg>
<doc>Logs the given message with the given level.</doc>
<status status="NOT RUN" starttime="20230924 19:57:02.337" endtime="20230924 19:57:02.337"/>
</kw>
<status status="NOT RUN" starttime="20230924 19:57:02.337" endtime="20230924 19:57:02.337"/>
</iter>
<status status="NOT RUN" starttime="20230924 19:57:02.336" endtime="20230924 19:57:02.337"/>
</for>
<status status="FAIL" starttime="20230924 19:57:02.332" endtime="20230924 19:57:02.337">No browser is open.</status>
</test>
<status status="FAIL" starttime="20230924 19:57:02.230" endtime="20230924 19:57:02.338"/>
</suite>
<statistics>
<total>
<stat pass="0" fail="1" skip="0">All Tests</stat>
</total>
<tag>
</tag>
<suite>
<stat pass="0" fail="1" skip="0" id="s1" name="Tes2">Tes2</stat>
</suite>
</statistics>
<errors>
</errors>
</robot>
