<?xml version="1.0" encoding="UTF-8"?>
<robot generator="Robot 6.0.2 (Python 3.9.2 on win32)" generated="20231013 21:13:13.729" rpa="false" schemaversion="3">
<suite id="s1" name="Tes2" source="C:\Users\haris\Documents\Python\Stockbit\tests\tes2.robot">
<test id="s1-t1" name="Scenario 1: Valid login credential" line="29">
<kw name="Login page opened (shortcut)" library="login_page">
<kw name="Open Browser" library="SeleniumLibrary">
<arg>${url_login}</arg>
<arg>chrome</arg>
<doc>Opens a new browser instance to the optional ``url``.</doc>
<msg timestamp="20231013 21:13:14.526" level="INFO">Opening browser 'chrome' to base url 'https:/stockbit.com/login'.</msg>
<status status="PASS" starttime="20231013 21:13:14.526" endtime="20231013 21:13:25.858"/>
</kw>
<kw name="Maximize Browser Window" library="SeleniumLibrary">
<doc>Maximizes current browser window.</doc>
<status status="PASS" starttime="20231013 21:13:25.858" endtime="20231013 21:13:26.028"/>
</kw>
<kw name="User should be directed to login page" library="landing_page">
<kw name="Wait Until Page Contains Element" library="SeleniumLibrary">
<arg>${loginPage}</arg>
<arg>10</arg>
<doc>Waits until the element ``locator`` appears on the current page.</doc>
<status status="PASS" starttime="20231013 21:13:26.030" endtime="20231013 21:13:26.111"/>
</kw>
<status status="PASS" starttime="20231013 21:13:26.028" endtime="20231013 21:13:26.112"/>
</kw>
<status status="PASS" starttime="20231013 21:13:14.526" endtime="20231013 21:13:26.112"/>
</kw>
<kw name="User input username and password" library="login_steps">
<arg>hidayatullohharis@gmail.com</arg>
<arg>harisganteng</arg>
<kw name="Input username" library="login_page">
<arg>${username}</arg>
<kw name="Wait Until Element Is Visible" library="SeleniumLibrary">
<arg>${usernameField}</arg>
<doc>Waits until the element ``locator`` is visible.</doc>
<status status="PASS" starttime="20231013 21:13:26.115" endtime="20231013 21:13:26.183"/>
</kw>
<kw name="Input Text" library="SeleniumLibrary">
<arg>${usernameField}</arg>
<arg>${username}</arg>
<doc>Types the given ``text`` into the text field identified by ``locator``.</doc>
<msg timestamp="20231013 21:13:26.185" level="INFO">Typing text 'hidayatullohharis@gmail.com' into text field '//*[@id="username"]'.</msg>
<status status="PASS" starttime="20231013 21:13:26.184" endtime="20231013 21:13:26.720"/>
</kw>
<status status="PASS" starttime="20231013 21:13:26.114" endtime="20231013 21:13:26.720"/>
</kw>
<kw name="Input password" library="login_page">
<arg>${password}</arg>
<kw name="Wait Until Element Is Visible" library="SeleniumLibrary">
<arg>${passwordField}</arg>
<doc>Waits until the element ``locator`` is visible.</doc>
<status status="PASS" starttime="20231013 21:13:26.720" endtime="20231013 21:13:26.771"/>
</kw>
<kw name="Input Text" library="SeleniumLibrary">
<arg>${passwordField}</arg>
<arg>${password}</arg>
<doc>Types the given ``text`` into the text field identified by ``locator``.</doc>
<msg timestamp="20231013 21:13:26.771" level="INFO">Typing text 'harisganteng' into text field '//*[@id="password"]'.</msg>
<status status="PASS" starttime="20231013 21:13:26.771" endtime="20231013 21:13:26.994"/>
</kw>
<status status="PASS" starttime="20231013 21:13:26.720" endtime="20231013 21:13:26.994"/>
</kw>
<status status="PASS" starttime="20231013 21:13:26.113" endtime="20231013 21:13:26.995"/>
</kw>
<kw name="Click login button" library="login_page">
<kw name="Wait Until Element Is Visible" library="SeleniumLibrary">
<arg>${loginButton}</arg>
<doc>Waits until the element ``locator`` is visible.</doc>
<status status="PASS" starttime="20231013 21:13:27.009" endtime="20231013 21:13:27.075"/>
</kw>
<kw name="Click Element" library="SeleniumLibrary">
<arg>${loginButton}</arg>
<doc>Click the element identified by ``locator``.</doc>
<msg timestamp="20231013 21:13:27.075" level="INFO">Clicking element '//*[@id="email-login-button"]'.</msg>
<status status="PASS" starttime="20231013 21:13:27.075" endtime="20231013 21:13:27.209"/>
</kw>
<status status="PASS" starttime="20231013 21:13:27.007" endtime="20231013 21:13:27.210"/>
</kw>
<kw name="User directed to home page" library="home_page">
<kw name="Wait Until Element Is Visible" library="SeleniumLibrary">
<arg>${homeStockbitLogo}</arg>
<arg>10</arg>
<doc>Waits until the element ``locator`` is visible.</doc>
<status status="PASS" starttime="20231013 21:13:27.211" endtime="20231013 21:13:32.089"/>
</kw>
<kw name="Element Should Be Visible" library="SeleniumLibrary">
<arg>${homeStockbitLogo}</arg>
<doc>Verifies that the element identified by ``locator`` is visible.</doc>
<msg timestamp="20231013 21:13:33.496" level="INFO">Element '//*[@id="stockbit-header-web"]/div[1]/div[1]/div[1]/a' is displayed.</msg>
<status status="PASS" starttime="20231013 21:13:32.089" endtime="20231013 21:13:33.496"/>
</kw>
<kw name="Wait Until Element Is Visible" library="SeleniumLibrary">
<arg>${homeSearchBar}</arg>
<arg>10</arg>
<doc>Waits until the element ``locator`` is visible.</doc>
<status status="PASS" starttime="20231013 21:13:33.496" endtime="20231013 21:13:33.543"/>
</kw>
<kw name="Element Should Be Visible" library="SeleniumLibrary">
<arg>${homeSearchBar}</arg>
<doc>Verifies that the element identified by ``locator`` is visible.</doc>
<msg timestamp="20231013 21:13:33.575" level="INFO">Element '//*[@id="stockbit-header-web"]/div[1]/div[1]/div[1]/form/div/div/span[1]' is displayed.</msg>
<status status="PASS" starttime="20231013 21:13:33.543" endtime="20231013 21:13:33.575"/>
</kw>
<kw name="Wait Until Element Is Visible" library="SeleniumLibrary">
<arg>${profileIcon}</arg>
<arg>10</arg>
<doc>Waits until the element ``locator`` is visible.</doc>
<status status="PASS" starttime="20231013 21:13:33.575" endtime="20231013 21:13:33.621"/>
</kw>
<kw name="Element Should Be Visible" library="SeleniumLibrary">
<arg>${profileIcon}</arg>
<doc>Verifies that the element identified by ``locator`` is visible.</doc>
<msg timestamp="20231013 21:13:33.668" level="INFO">Element '//*[@id="stockbit-header-web"]/div[1]/div[1]/div[2]/div[3]/div' is displayed.</msg>
<status status="PASS" starttime="20231013 21:13:33.621" endtime="20231013 21:13:33.668"/>
</kw>
<status status="PASS" starttime="20231013 21:13:27.210" endtime="20231013 21:13:33.668"/>
</kw>
<kw name="Run Keyword And Ignore Error" library="BuiltIn">
<arg>Click Element</arg>
<arg>xpath=//*[@id="modalnewavatar-button-skip"]</arg>
<doc>Runs the given keyword with the given arguments and ignores possible error.</doc>
<kw name="Click Element" library="SeleniumLibrary">
<arg>xpath=//*[@id="modalnewavatar-button-skip"]</arg>
<doc>Click the element identified by ``locator``.</doc>
<msg timestamp="20231013 21:13:33.668" level="INFO">Clicking element 'xpath=//*[@id="modalnewavatar-button-skip"]'.</msg>
<status status="PASS" starttime="20231013 21:13:33.668" endtime="20231013 21:13:34.537"/>
</kw>
<status status="PASS" starttime="20231013 21:13:33.668" endtime="20231013 21:13:34.537"/>
</kw>
<status status="PASS" starttime="20231013 21:13:14.526" endtime="20231013 21:13:34.537"/>
</test>
<test id="s1-t2" name="Scenario 2: Trading Area (Virtual) Page" line="37">
<kw name="User Activates Trading Area (Virtual)" library="trading_area_page">
<kw name="Wait Until Element Is Visible" library="SeleniumLibrary">
<arg>${tradingAreaButton}</arg>
<doc>Waits until the element ``locator`` is visible.</doc>
<status status="PASS" starttime="20231013 21:13:34.537" endtime="20231013 21:13:34.710"/>
</kw>
<kw name="Click Element" library="SeleniumLibrary">
<arg>${tradingAreaButton}</arg>
<doc>Click the element identified by ``locator``.</doc>
<msg timestamp="20231013 21:13:34.710" level="INFO">Clicking element '//*[@id="stockbit-header-web"]/div[2]/div[1]/div'.</msg>
<status status="PASS" starttime="20231013 21:13:34.710" endtime="20231013 21:13:35.180"/>
</kw>
<kw name="Click Button" library="SeleniumLibrary">
<arg>${virtualTradingButton}</arg>
<doc>Clicks the button identified by ``locator``.</doc>
<msg timestamp="20231013 21:13:35.182" level="INFO">Clicking button '//button[@data-cy="virtual-trading-button-auth"]'.</msg>
<status status="PASS" starttime="20231013 21:13:35.180" endtime="20231013 21:13:35.541"/>
</kw>
<kw name="Wait Until Element Is Visible" library="SeleniumLibrary">
<arg>${virtualTradingAreaTitle}</arg>
<arg>10</arg>
<doc>Waits until the element ``locator`` is visible.</doc>
<status status="PASS" starttime="20231013 21:13:35.541" endtime="20231013 21:13:42.270"/>
</kw>
<kw name="Wait Until Element Is Visible" library="SeleniumLibrary">
<arg>${homeStockbitLogo}</arg>
<doc>Waits until the element ``locator`` is visible.</doc>
<status status="PASS" starttime="20231013 21:13:42.270" endtime="20231013 21:13:42.320"/>
</kw>
<status status="PASS" starttime="20231013 21:13:34.537" endtime="20231013 21:13:42.320"/>
</kw>
<status status="PASS" starttime="20231013 21:13:34.537" endtime="20231013 21:13:42.320"/>
</test>
<test id="s1-t3" name="Scenario 3 : Auto Buy" line="40">
<kw name="Create List" library="BuiltIn">
<var>@{symbol}</var>
<doc>Returns a list containing given items.</doc>
<msg timestamp="20231013 21:13:42.320" level="INFO">@{symbol} = [ ]</msg>
<status status="PASS" starttime="20231013 21:13:42.320" endtime="20231013 21:13:42.320"/>
</kw>
<kw name="Get Length" library="BuiltIn">
<var>${data_order_len}</var>
<arg>${data_order}</arg>
<doc>Returns and logs the length of the given item as an integer.</doc>
<msg timestamp="20231013 21:13:42.320" level="INFO">Length is 3</msg>
<msg timestamp="20231013 21:13:42.320" level="INFO">${data_order_len} = 3</msg>
<status status="PASS" starttime="20231013 21:13:42.320" endtime="20231013 21:13:42.320"/>
</kw>
<kw name="Show List Buy" library="autobuy">
<var>${count_buy}</var>
<arg>${data_order}</arg>
<arg>${total_balance}</arg>
<arg>${max_percent_used_balance}</arg>
<msg timestamp="20231013 21:13:42.320" level="INFO">${count_buy} = 1353</msg>
<status status="PASS" starttime="20231013 21:13:42.320" endtime="20231013 21:13:42.320"/>
</kw>
<for flavor="IN RANGE">
<var>${index}</var>
<value>0</value>
<value>${data_order_len}</value>
<iter>
<var name="${index}">0</var>
<kw name="Set Variable" library="BuiltIn">
<var>${is_not_rejected}</var>
<arg>${False}</arg>
<doc>Returns the given values which can then be assigned to a variables.</doc>
<msg timestamp="20231013 21:13:42.320" level="INFO">${is_not_rejected} = False</msg>
<status status="PASS" starttime="20231013 21:13:42.320" endtime="20231013 21:13:42.320"/>
</kw>
<kw name="Set Variable" library="BuiltIn">
<var>${count_infinity_loop}</var>
<arg>0</arg>
<doc>Returns the given values which can then be assigned to a variables.</doc>
<msg timestamp="20231013 21:13:42.320" level="INFO">${count_infinity_loop} = 0</msg>
<status status="PASS" starttime="20231013 21:13:42.320" endtime="20231013 21:13:42.320"/>
</kw>
<for flavor="IN RANGE">
<var>${infinity_loop}</var>
<value>0</value>
<value>999999</value>
<iter>
<var name="${infinity_loop}">0</var>
<kw name="Log" library="BuiltIn">
<arg>${data_order[${index}][2:6]}</arg>
<doc>Logs the given message with the given level.</doc>
<msg timestamp="20231013 21:13:42.371" level="INFO">CUAN</msg>
<status status="PASS" starttime="20231013 21:13:42.371" endtime="20231013 21:13:42.371"/>
</kw>
<kw name="Append To List" library="Collections">
<arg>${symbol}</arg>
<arg>${data_order[${index}][2:6]}</arg>
<doc>Adds ``values`` to the end of ``list``.</doc>
<status status="PASS" starttime="20231013 21:13:42.371" endtime="20231013 21:13:42.371"/>
</kw>
<kw name="Stock Page Opened" library="trading_area_page">
<arg>${data_order[${index}][2:6]}</arg>
<kw name="Go To" library="SeleniumLibrary">
<arg>https://stockbit.com/symbol/${symbol}</arg>
<doc>Navigates the current browser window to the provided ``url``.</doc>
<msg timestamp="20231013 21:13:42.371" level="INFO">Opening url 'https://stockbit.com/symbol/CUAN'</msg>
<status status="PASS" starttime="20231013 21:13:42.371" endtime="20231013 21:13:48.943"/>
</kw>
<kw name="Wait Until Element Is Visible" library="SeleniumLibrary">
<arg>${homeStockbitLogo}</arg>
<arg>20</arg>
<doc>Waits until the element ``locator`` is visible.</doc>
<status status="PASS" starttime="20231013 21:13:48.944" endtime="20231013 21:13:49.054"/>
</kw>
<status status="PASS" starttime="20231013 21:13:42.371" endtime="20231013 21:13:49.054"/>
</kw>
<kw name="Place Stock Order (Buy)" library="trading_area_page">
<arg>${count_buy}</arg>
<kw name="Wait Until Element Is Visible" library="SeleniumLibrary">
<arg>${placeOrderForm}</arg>
<doc>Waits until the element ``locator`` is visible.</doc>
<status status="PASS" starttime="20231013 21:13:49.054" endtime="20231013 21:13:49.128"/>
</kw>
<kw name="Input Text" library="SeleniumLibrary">
<arg>${orderLotField}</arg>
<arg>${orderLotInput}</arg>
<doc>Types the given ``text`` into the text field identified by ``locator``.</doc>
<msg timestamp="20231013 21:13:49.129" level="INFO">Typing text '1353' into text field '//div[@class="sc-gKXOVf jtzWDU"][5]/div/div/div[2]/input'.</msg>
<status status="PASS" starttime="20231013 21:13:49.128" endtime="20231013 21:13:50.534"/>
</kw>
<kw name="Click Button" library="SeleniumLibrary">
<arg>${placeOrderButton}</arg>
<doc>Clicks the button identified by ``locator``.</doc>
<msg timestamp="20231013 21:13:50.538" level="INFO">Clicking button '//button[@class="ant-btn ant-btn-primary ant-btn-block sc-ivTmOn sc-dcd7a266-16 fMuBlv hjKjuY"]'.</msg>
<msg timestamp="20231013 21:13:50.853" level="INFO" html="true">&lt;/td&gt;&lt;/tr&gt;&lt;tr&gt;&lt;td colspan="3"&gt;&lt;a href="selenium-screenshot-2.png"&gt;&lt;img src="selenium-screenshot-2.png" width="800px"&gt;&lt;/a&gt;</msg>
<msg timestamp="20231013 21:13:50.853" level="FAIL">Button with locator '//button[@class="ant-btn ant-btn-primary ant-btn-block sc-ivTmOn sc-dcd7a266-16 fMuBlv hjKjuY"]' not found.</msg>
<status status="FAIL" starttime="20231013 21:13:50.535" endtime="20231013 21:13:50.869"/>
</kw>
<kw name="Sleep" library="BuiltIn">
<arg>2</arg>
<doc>Pauses the test executed for the given time.</doc>
<status status="NOT RUN" starttime="20231013 21:13:50.869" endtime="20231013 21:13:50.869"/>
</kw>
<status status="FAIL" starttime="20231013 21:13:49.054" endtime="20231013 21:13:50.869"/>
</kw>
<kw name="User directed to Trade Order Page" library="trading_area_page">
<status status="NOT RUN" starttime="20231013 21:13:50.869" endtime="20231013 21:13:50.869"/>
</kw>
<kw name="Get Text" library="SeleniumLibrary">
<var>${Status}</var>
<arg>${statusOrderBuy}</arg>
<doc>Returns the text value of the element identified by ``locator``.</doc>
<status status="NOT RUN" starttime="20231013 21:13:50.869" endtime="20231013 21:13:50.869"/>
</kw>
<kw name="Log" library="BuiltIn">
<arg>${Status}</arg>
<doc>Logs the given message with the given level.</doc>
<status status="NOT RUN" starttime="20231013 21:13:50.869" endtime="20231013 21:13:50.869"/>
</kw>
<if>
<branch type="IF" condition="'${Status}' == 'REJECTED'">
<kw name="Set Variable" library="BuiltIn">
<var>${is_not_rejected}</var>
<arg>${True}</arg>
<doc>Returns the given values which can then be assigned to a variables.</doc>
<status status="NOT RUN" starttime="20231013 21:13:50.869" endtime="20231013 21:13:50.869"/>
</kw>
<kw name="Set Variable" library="BuiltIn">
<var>${count_infinity_loop}</var>
<arg>${infinity_loop}</arg>
<doc>Returns the given values which can then be assigned to a variables.</doc>
<status status="NOT RUN" starttime="20231013 21:13:50.869" endtime="20231013 21:13:50.869"/>
</kw>
<kw name="Log" library="BuiltIn">
<arg>${is_not_rejected}</arg>
<doc>Logs the given message with the given level.</doc>
<status status="NOT RUN" starttime="20231013 21:13:50.869" endtime="20231013 21:13:50.869"/>
</kw>
<kw name="Log" library="BuiltIn">
<arg>${count_infinity_loop}</arg>
<doc>Logs the given message with the given level.</doc>
<status status="NOT RUN" starttime="20231013 21:13:50.869" endtime="20231013 21:13:50.869"/>
</kw>
<break>
<status status="NOT RUN" starttime="20231013 21:13:50.869" endtime="20231013 21:13:50.869"/>
</break>
<status status="NOT RUN" starttime="20231013 21:13:50.869" endtime="20231013 21:13:50.869"/>
</branch>
<status status="NOT RUN" starttime="20231013 21:13:50.869" endtime="20231013 21:13:50.869"/>
</if>
<status status="FAIL" starttime="20231013 21:13:42.371" endtime="20231013 21:13:50.869"/>
</iter>
<status status="FAIL" starttime="20231013 21:13:42.320" endtime="20231013 21:13:50.869"/>
</for>
<status status="FAIL" starttime="20231013 21:13:42.320" endtime="20231013 21:13:50.869"/>
</iter>
<status status="FAIL" starttime="20231013 21:13:42.320" endtime="20231013 21:13:50.869"/>
</for>
<kw name="Log List" library="Collections">
<arg>${symbol}</arg>
<doc>Logs the length and contents of the ``list`` using given ``level``.</doc>
<status status="NOT RUN" starttime="20231013 21:13:50.869" endtime="20231013 21:13:50.869"/>
</kw>
<status status="FAIL" starttime="20231013 21:13:42.320" endtime="20231013 21:13:50.869">Button with locator '//button[@class="ant-btn ant-btn-primary ant-btn-block sc-ivTmOn sc-dcd7a266-16 fMuBlv hjKjuY"]' not found.</status>
</test>
<status status="FAIL" starttime="20231013 21:13:13.729" endtime="20231013 21:13:50.890"/>
</suite>
<statistics>
<total>
<stat pass="2" fail="1" skip="0">All Tests</stat>
</total>
<tag>
</tag>
<suite>
<stat pass="2" fail="1" skip="0" id="s1" name="Tes2">Tes2</stat>
</suite>
</statistics>
<errors>
</errors>
</robot>
