<?xml version="1.0" encoding="UTF-8"?>
<robot generator="Robot 6.1.1 (Python 3.11.5 on darwin)" generated="20231005 21:05:46.916" rpa="false" schemaversion="4">
<suite id="s1" name="Tes2" source="/Users/wafi/VSCode/Stockbit/tests/tes2.robot">
<test id="s1-t1" name="Scenario 1: Valid login credential" line="22">
<kw name="Login page opened (shortcut)" library="login_page">
<kw name="Open Browser" library="SeleniumLibrary">
<arg>${url_login}</arg>
<arg>chrome</arg>
<doc>Opens a new browser instance to the optional ``url``.</doc>
<msg timestamp="20231005 21:05:47.021" level="INFO">Opening browser 'chrome' to base url 'https:/stockbit.com/login'.</msg>
<status status="PASS" starttime="20231005 21:05:47.020" endtime="20231005 21:06:00.372"/>
</kw>
<kw name="Maximize Browser Window" library="SeleniumLibrary">
<doc>Maximizes current browser window.</doc>
<status status="PASS" starttime="20231005 21:06:00.372" endtime="20231005 21:06:00.640"/>
</kw>
<kw name="User should be directed to login page" library="landing_page">
<kw name="Wait Until Page Contains Element" library="SeleniumLibrary">
<arg>${loginPage}</arg>
<arg>10</arg>
<doc>Waits until the element ``locator`` appears on the current page.</doc>
<status status="PASS" starttime="20231005 21:06:00.640" endtime="20231005 21:06:00.652"/>
</kw>
<status status="PASS" starttime="20231005 21:06:00.640" endtime="20231005 21:06:00.652"/>
</kw>
<status status="PASS" starttime="20231005 21:05:47.020" endtime="20231005 21:06:00.652"/>
</kw>
<kw name="User input username and password" library="login_steps">
<arg>m.izzul.h.w@gmail.com</arg>
<arg>mwafiudin165</arg>
<kw name="Input username" library="login_page">
<arg>${username}</arg>
<kw name="Wait Until Element Is Visible" library="SeleniumLibrary">
<arg>${usernameField}</arg>
<doc>Waits until the element ``locator`` is visible.</doc>
<status status="PASS" starttime="20231005 21:06:00.653" endtime="20231005 21:06:00.667"/>
</kw>
<kw name="Input Text" library="SeleniumLibrary">
<arg>${usernameField}</arg>
<arg>${username}</arg>
<doc>Types the given ``text`` into the text field identified by ``locator``.</doc>
<msg timestamp="20231005 21:06:00.668" level="INFO">Typing text 'm.izzul.h.w@gmail.com' into text field '//*[@id="username"]'.</msg>
<status status="PASS" starttime="20231005 21:06:00.667" endtime="20231005 21:06:01.039"/>
</kw>
<status status="PASS" starttime="20231005 21:06:00.652" endtime="20231005 21:06:01.039"/>
</kw>
<kw name="Input password" library="login_page">
<arg>${password}</arg>
<kw name="Wait Until Element Is Visible" library="SeleniumLibrary">
<arg>${passwordField}</arg>
<doc>Waits until the element ``locator`` is visible.</doc>
<status status="PASS" starttime="20231005 21:06:01.040" endtime="20231005 21:06:01.054"/>
</kw>
<kw name="Input Text" library="SeleniumLibrary">
<arg>${passwordField}</arg>
<arg>${password}</arg>
<doc>Types the given ``text`` into the text field identified by ``locator``.</doc>
<msg timestamp="20231005 21:06:01.055" level="INFO">Typing text 'mwafiudin165' into text field '//*[@id="password"]'.</msg>
<status status="PASS" starttime="20231005 21:06:01.055" endtime="20231005 21:06:01.164"/>
</kw>
<status status="PASS" starttime="20231005 21:06:01.039" endtime="20231005 21:06:01.164"/>
</kw>
<status status="PASS" starttime="20231005 21:06:00.652" endtime="20231005 21:06:01.164"/>
</kw>
<kw name="Click login button" library="login_page">
<kw name="Wait Until Element Is Visible" library="SeleniumLibrary">
<arg>${loginButton}</arg>
<doc>Waits until the element ``locator`` is visible.</doc>
<status status="PASS" starttime="20231005 21:06:01.165" endtime="20231005 21:06:01.175"/>
</kw>
<kw name="Click Element" library="SeleniumLibrary">
<arg>${loginButton}</arg>
<doc>Click the element identified by ``locator``.</doc>
<msg timestamp="20231005 21:06:01.176" level="INFO">Clicking element '//*[@id="email-login-button"]'.</msg>
<status status="PASS" starttime="20231005 21:06:01.176" endtime="20231005 21:06:01.231"/>
</kw>
<status status="PASS" starttime="20231005 21:06:01.164" endtime="20231005 21:06:01.231"/>
</kw>
<kw name="User directed to home page" library="home_page">
<kw name="Wait Until Element Is Visible" library="SeleniumLibrary">
<arg>${homeStockbitLogo}</arg>
<arg>10</arg>
<doc>Waits until the element ``locator`` is visible.</doc>
<status status="PASS" starttime="20231005 21:06:01.231" endtime="20231005 21:06:02.805"/>
</kw>
<kw name="Element Should Be Visible" library="SeleniumLibrary">
<arg>${homeStockbitLogo}</arg>
<doc>Verifies that the element identified by ``locator`` is visible.</doc>
<msg timestamp="20231005 21:06:02.899" level="INFO">Element '//*[@id="stockbit-header-web"]/div[1]/div[1]/div[1]/a' is displayed.</msg>
<status status="PASS" starttime="20231005 21:06:02.806" endtime="20231005 21:06:02.899"/>
</kw>
<kw name="Wait Until Element Is Visible" library="SeleniumLibrary">
<arg>${homeSearchBar}</arg>
<arg>10</arg>
<doc>Waits until the element ``locator`` is visible.</doc>
<status status="PASS" starttime="20231005 21:06:02.899" endtime="20231005 21:06:02.989"/>
</kw>
<kw name="Element Should Be Visible" library="SeleniumLibrary">
<arg>${homeSearchBar}</arg>
<doc>Verifies that the element identified by ``locator`` is visible.</doc>
<msg timestamp="20231005 21:06:03.009" level="INFO">Element '//*[@id="stockbit-header-web"]/div[1]/div[1]/div[1]/form/div/div/span[1]' is displayed.</msg>
<status status="PASS" starttime="20231005 21:06:02.989" endtime="20231005 21:06:03.009"/>
</kw>
<kw name="Wait Until Element Is Visible" library="SeleniumLibrary">
<arg>${profileIcon}</arg>
<arg>10</arg>
<doc>Waits until the element ``locator`` is visible.</doc>
<status status="PASS" starttime="20231005 21:06:03.009" endtime="20231005 21:06:03.475"/>
</kw>
<kw name="Element Should Be Visible" library="SeleniumLibrary">
<arg>${profileIcon}</arg>
<doc>Verifies that the element identified by ``locator`` is visible.</doc>
<msg timestamp="20231005 21:06:03.483" level="INFO">Element '//*[@id="stockbit-header-web"]/div[1]/div[1]/div[2]/div[3]/div' is displayed.</msg>
<status status="PASS" starttime="20231005 21:06:03.475" endtime="20231005 21:06:03.484"/>
</kw>
<status status="PASS" starttime="20231005 21:06:01.231" endtime="20231005 21:06:03.484"/>
</kw>
<kw name="Run Keyword And Ignore Error" library="BuiltIn">
<arg>Click Element</arg>
<arg>xpath=//*[@id="modalnewavatar-button-skip"]</arg>
<doc>Runs the given keyword with the given arguments and ignores possible error.</doc>
<kw name="Click Element" library="SeleniumLibrary">
<arg>xpath=//*[@id="modalnewavatar-button-skip"]</arg>
<doc>Click the element identified by ``locator``.</doc>
<msg timestamp="20231005 21:06:03.484" level="INFO">Clicking element 'xpath=//*[@id="modalnewavatar-button-skip"]'.</msg>
<status status="PASS" starttime="20231005 21:06:03.484" endtime="20231005 21:06:03.513"/>
</kw>
<status status="PASS" starttime="20231005 21:06:03.484" endtime="20231005 21:06:03.513"/>
</kw>
<status status="PASS" starttime="20231005 21:05:47.020" endtime="20231005 21:06:03.513"/>
</test>
<test id="s1-t2" name="Scenario 2: Trading Area (Virtual) Page" line="30">
<kw name="User Activates Trading Area (Virtual)" library="trading_area_page">
<kw name="Wait Until Element Is Visible" library="SeleniumLibrary">
<arg>${tradingAreaButton}</arg>
<doc>Waits until the element ``locator`` is visible.</doc>
<status status="PASS" starttime="20231005 21:06:03.514" endtime="20231005 21:06:03.525"/>
</kw>
<kw name="Click Element" library="SeleniumLibrary">
<arg>${tradingAreaButton}</arg>
<doc>Click the element identified by ``locator``.</doc>
<msg timestamp="20231005 21:06:03.526" level="INFO">Clicking element '//*[@id="stockbit-header-web"]/div[2]/div[1]/div'.</msg>
<status status="PASS" starttime="20231005 21:06:03.526" endtime="20231005 21:06:03.951"/>
</kw>
<kw name="Sleep" library="BuiltIn">
<arg>3</arg>
<doc>Pauses the test executed for the given time.</doc>
<msg timestamp="20231005 21:06:06.955" level="INFO">Slept 3 seconds</msg>
<status status="PASS" starttime="20231005 21:06:03.951" endtime="20231005 21:06:06.957"/>
</kw>
<kw name="Click Button" library="SeleniumLibrary">
<arg>${virtualTradingButton}</arg>
<doc>Clicks the button identified by ``locator``.</doc>
<msg timestamp="20231005 21:06:06.961" level="INFO">Clicking button '//button[@data-cy="virtual-trading-button-auth"]'.</msg>
<status status="PASS" starttime="20231005 21:06:06.959" endtime="20231005 21:06:07.026"/>
</kw>
<kw name="Sleep" library="BuiltIn">
<arg>4</arg>
<doc>Pauses the test executed for the given time.</doc>
<msg timestamp="20231005 21:06:11.028" level="INFO">Slept 4 seconds</msg>
<status status="PASS" starttime="20231005 21:06:07.026" endtime="20231005 21:06:11.028"/>
</kw>
<kw name="Wait Until Element Is Visible" library="SeleniumLibrary">
<arg>${homeStockbitLogo}</arg>
<doc>Waits until the element ``locator`` is visible.</doc>
<status status="PASS" starttime="20231005 21:06:11.029" endtime="20231005 21:06:11.045"/>
</kw>
<status status="PASS" starttime="20231005 21:06:03.514" endtime="20231005 21:06:11.045"/>
</kw>
<status status="PASS" starttime="20231005 21:06:03.514" endtime="20231005 21:06:11.045"/>
</test>
<test id="s1-t3" name="Scenario 3 : Auto Buy" line="33">
<kw name="Create List" library="BuiltIn">
<var>@{symbol}</var>
<doc>Returns a list containing given items.</doc>
<msg timestamp="20231005 21:06:11.046" level="INFO">@{symbol} = [ ]</msg>
<status status="PASS" starttime="20231005 21:06:11.046" endtime="20231005 21:06:11.046"/>
</kw>
<kw name="Get Length" library="BuiltIn">
<var>${data_order_len}</var>
<arg>${data_order}</arg>
<doc>Returns and logs the length of the given item as an integer.</doc>
<msg timestamp="20231005 21:06:11.046" level="INFO">Length is 3</msg>
<msg timestamp="20231005 21:06:11.046" level="INFO">${data_order_len} = 3</msg>
<status status="PASS" starttime="20231005 21:06:11.046" endtime="20231005 21:06:11.046"/>
</kw>
<for flavor="IN RANGE">
<var>${index}</var>
<value>0</value>
<value>${data_order_len}</value>
<iter>
<var name="${index}">0</var>
<kw name="Log" library="BuiltIn">
<arg>${data_order[${index}][2:6]}</arg>
<doc>Logs the given message with the given level.</doc>
<msg timestamp="20231005 21:06:11.050" level="INFO">CUAN</msg>
<status status="PASS" starttime="20231005 21:06:11.049" endtime="20231005 21:06:11.050"/>
</kw>
<kw name="Append To List" library="Collections">
<arg>${symbol}</arg>
<arg>${data_order[${index}][2:6]}</arg>
<doc>Adds ``values`` to the end of ``list``.</doc>
<status status="PASS" starttime="20231005 21:06:11.050" endtime="20231005 21:06:11.050"/>
</kw>
<kw name="Stock Page Opened" library="trading_area_page">
<arg>${data_order[${index}][2:6]}</arg>
<kw name="Go To" library="SeleniumLibrary">
<arg>https://stockbit.com/symbol/${symbol}</arg>
<doc>Navigates the current browser window to the provided ``url``.</doc>
<msg timestamp="20231005 21:06:11.051" level="INFO">Opening url 'https://stockbit.com/symbol/CUAN'</msg>
<status status="PASS" starttime="20231005 21:06:11.051" endtime="20231005 21:06:12.028"/>
</kw>
<kw name="Wait Until Element Is Visible" library="SeleniumLibrary">
<arg>${homeStockbitLogo}</arg>
<arg>20</arg>
<doc>Waits until the element ``locator`` is visible.</doc>
<status status="PASS" starttime="20231005 21:06:12.029" endtime="20231005 21:06:12.160"/>
</kw>
<status status="PASS" starttime="20231005 21:06:11.050" endtime="20231005 21:06:12.160"/>
</kw>
<kw name="Place Stock Order (Buy)" library="trading_area_page">
<arg>3</arg>
<kw name="Wait Until Element Is Visible" library="SeleniumLibrary">
<arg>${placeOrderForm}</arg>
<doc>Waits until the element ``locator`` is visible.</doc>
<status status="PASS" starttime="20231005 21:06:12.160" endtime="20231005 21:06:12.210"/>
</kw>
<kw name="Input Text" library="SeleniumLibrary">
<arg>${orderLotField}</arg>
<arg>${orderLotInput}</arg>
<doc>Types the given ``text`` into the text field identified by ``locator``.</doc>
<msg timestamp="20231005 21:06:12.210" level="INFO">Typing text '3' into text field '//div[@class="sc-gKXOVf jtzWDU"][5]/div/div/div[2]/input'.</msg>
<status status="PASS" starttime="20231005 21:06:12.210" endtime="20231005 21:06:12.409"/>
</kw>
<kw name="Click Button" library="SeleniumLibrary">
<arg>${placeOrderButton}</arg>
<doc>Clicks the button identified by ``locator``.</doc>
<msg timestamp="20231005 21:06:12.409" level="INFO">Clicking button '//button[@class="ant-btn ant-btn-primary ant-btn-block sc-ivTmOn sc-dcd7a266-16 fMuBlv hjKjuY"]'.</msg>
<status status="PASS" starttime="20231005 21:06:12.409" endtime="20231005 21:06:12.457"/>
</kw>
<kw name="Sleep" library="BuiltIn">
<arg>2</arg>
<doc>Pauses the test executed for the given time.</doc>
<msg timestamp="20231005 21:06:14.458" level="INFO">Slept 2 seconds</msg>
<status status="PASS" starttime="20231005 21:06:12.457" endtime="20231005 21:06:14.458"/>
</kw>
<status status="PASS" starttime="20231005 21:06:12.160" endtime="20231005 21:06:14.458"/>
</kw>
<kw name="User directed to Trade Order Page" library="trading_area_page">
<kw name="Wait Until Element Is Visible" library="SeleniumLibrary">
<arg>${placeOrderTable}</arg>
<arg>10</arg>
<doc>Waits until the element ``locator`` is visible.</doc>
<status status="PASS" starttime="20231005 21:06:14.459" endtime="20231005 21:06:14.477"/>
</kw>
<kw name="Element Should Be Visible" library="SeleniumLibrary">
<arg>${placeOrderTable}</arg>
<arg>10</arg>
<doc>Verifies that the element identified by ``locator`` is visible.</doc>
<msg timestamp="20231005 21:06:14.486" level="INFO">Element '//*[@id="main-container"]/div[2]/div[3]/div/div/div' is displayed.</msg>
<status status="PASS" starttime="20231005 21:06:14.477" endtime="20231005 21:06:14.486"/>
</kw>
<status status="PASS" starttime="20231005 21:06:14.458" endtime="20231005 21:06:14.486"/>
</kw>
<kw name="Get Text" library="SeleniumLibrary">
<var>${Status}</var>
<arg>${statusOrderBuy}</arg>
<doc>Returns the text value of the element identified by ``locator``.</doc>
<msg timestamp="20231005 21:06:14.501" level="INFO">${Status} = REJECTED</msg>
<status status="PASS" starttime="20231005 21:06:14.486" endtime="20231005 21:06:14.502"/>
</kw>
<kw name="Log" library="BuiltIn">
<arg>${Status}</arg>
<doc>Logs the given message with the given level.</doc>
<msg timestamp="20231005 21:06:14.502" level="INFO">REJECTED</msg>
<status status="PASS" starttime="20231005 21:06:14.502" endtime="20231005 21:06:14.502"/>
</kw>
<status status="PASS" starttime="20231005 21:06:11.049" endtime="20231005 21:06:14.502"/>
</iter>
<iter>
<var name="${index}">1</var>
<kw name="Log" library="BuiltIn">
<arg>${data_order[${index}][2:6]}</arg>
<doc>Logs the given message with the given level.</doc>
<msg timestamp="20231005 21:06:14.502" level="INFO">ADHI</msg>
<status status="PASS" starttime="20231005 21:06:14.502" endtime="20231005 21:06:14.502"/>
</kw>
<kw name="Append To List" library="Collections">
<arg>${symbol}</arg>
<arg>${data_order[${index}][2:6]}</arg>
<doc>Adds ``values`` to the end of ``list``.</doc>
<status status="PASS" starttime="20231005 21:06:14.502" endtime="20231005 21:06:14.503"/>
</kw>
<kw name="Stock Page Opened" library="trading_area_page">
<arg>${data_order[${index}][2:6]}</arg>
<kw name="Go To" library="SeleniumLibrary">
<arg>https://stockbit.com/symbol/${symbol}</arg>
<doc>Navigates the current browser window to the provided ``url``.</doc>
<msg timestamp="20231005 21:06:14.503" level="INFO">Opening url 'https://stockbit.com/symbol/ADHI'</msg>
<status status="PASS" starttime="20231005 21:06:14.503" endtime="20231005 21:06:15.067"/>
</kw>
<kw name="Wait Until Element Is Visible" library="SeleniumLibrary">
<arg>${homeStockbitLogo}</arg>
<arg>20</arg>
<doc>Waits until the element ``locator`` is visible.</doc>
<status status="PASS" starttime="20231005 21:06:15.067" endtime="20231005 21:06:15.075"/>
</kw>
<status status="PASS" starttime="20231005 21:06:14.503" endtime="20231005 21:06:15.075"/>
</kw>
<kw name="Place Stock Order (Buy)" library="trading_area_page">
<arg>3</arg>
<kw name="Wait Until Element Is Visible" library="SeleniumLibrary">
<arg>${placeOrderForm}</arg>
<doc>Waits until the element ``locator`` is visible.</doc>
<status status="PASS" starttime="20231005 21:06:15.075" endtime="20231005 21:06:15.512"/>
</kw>
<kw name="Input Text" library="SeleniumLibrary">
<arg>${orderLotField}</arg>
<arg>${orderLotInput}</arg>
<doc>Types the given ``text`` into the text field identified by ``locator``.</doc>
<msg timestamp="20231005 21:06:15.512" level="INFO">Typing text '3' into text field '//div[@class="sc-gKXOVf jtzWDU"][5]/div/div/div[2]/input'.</msg>
<status status="PASS" starttime="20231005 21:06:15.512" endtime="20231005 21:06:15.724"/>
</kw>
<kw name="Click Button" library="SeleniumLibrary">
<arg>${placeOrderButton}</arg>
<doc>Clicks the button identified by ``locator``.</doc>
<msg timestamp="20231005 21:06:15.725" level="INFO">Clicking button '//button[@class="ant-btn ant-btn-primary ant-btn-block sc-ivTmOn sc-dcd7a266-16 fMuBlv hjKjuY"]'.</msg>
<status status="PASS" starttime="20231005 21:06:15.725" endtime="20231005 21:06:15.790"/>
</kw>
<kw name="Sleep" library="BuiltIn">
<arg>2</arg>
<doc>Pauses the test executed for the given time.</doc>
<msg timestamp="20231005 21:06:17.791" level="INFO">Slept 2 seconds</msg>
<status status="PASS" starttime="20231005 21:06:15.791" endtime="20231005 21:06:17.791"/>
</kw>
<status status="PASS" starttime="20231005 21:06:15.075" endtime="20231005 21:06:17.791"/>
</kw>
<kw name="User directed to Trade Order Page" library="trading_area_page">
<kw name="Wait Until Element Is Visible" library="SeleniumLibrary">
<arg>${placeOrderTable}</arg>
<arg>10</arg>
<doc>Waits until the element ``locator`` is visible.</doc>
<status status="PASS" starttime="20231005 21:06:17.792" endtime="20231005 21:06:17.804"/>
</kw>
<kw name="Element Should Be Visible" library="SeleniumLibrary">
<arg>${placeOrderTable}</arg>
<arg>10</arg>
<doc>Verifies that the element identified by ``locator`` is visible.</doc>
<msg timestamp="20231005 21:06:17.813" level="INFO">Element '//*[@id="main-container"]/div[2]/div[3]/div/div/div' is displayed.</msg>
<status status="PASS" starttime="20231005 21:06:17.804" endtime="20231005 21:06:17.814"/>
</kw>
<status status="PASS" starttime="20231005 21:06:17.792" endtime="20231005 21:06:17.814"/>
</kw>
<kw name="Get Text" library="SeleniumLibrary">
<var>${Status}</var>
<arg>${statusOrderBuy}</arg>
<doc>Returns the text value of the element identified by ``locator``.</doc>
<msg timestamp="20231005 21:06:17.823" level="INFO">${Status} = REJECTED</msg>
<status status="PASS" starttime="20231005 21:06:17.814" endtime="20231005 21:06:17.823"/>
</kw>
<kw name="Log" library="BuiltIn">
<arg>${Status}</arg>
<doc>Logs the given message with the given level.</doc>
<msg timestamp="20231005 21:06:17.823" level="INFO">REJECTED</msg>
<status status="PASS" starttime="20231005 21:06:17.823" endtime="20231005 21:06:17.823"/>
</kw>
<status status="PASS" starttime="20231005 21:06:14.502" endtime="20231005 21:06:17.823"/>
</iter>
<iter>
<var name="${index}">2</var>
<kw name="Log" library="BuiltIn">
<arg>${data_order[${index}][2:6]}</arg>
<doc>Logs the given message with the given level.</doc>
<msg timestamp="20231005 21:06:17.824" level="INFO">KIJA</msg>
<status status="PASS" starttime="20231005 21:06:17.823" endtime="20231005 21:06:17.824"/>
</kw>
<kw name="Append To List" library="Collections">
<arg>${symbol}</arg>
<arg>${data_order[${index}][2:6]}</arg>
<doc>Adds ``values`` to the end of ``list``.</doc>
<status status="PASS" starttime="20231005 21:06:17.824" endtime="20231005 21:06:17.824"/>
</kw>
<kw name="Stock Page Opened" library="trading_area_page">
<arg>${data_order[${index}][2:6]}</arg>
<kw name="Go To" library="SeleniumLibrary">
<arg>https://stockbit.com/symbol/${symbol}</arg>
<doc>Navigates the current browser window to the provided ``url``.</doc>
<msg timestamp="20231005 21:06:17.825" level="INFO">Opening url 'https://stockbit.com/symbol/KIJA'</msg>
<status status="PASS" starttime="20231005 21:06:17.824" endtime="20231005 21:06:21.366"/>
</kw>
<kw name="Wait Until Element Is Visible" library="SeleniumLibrary">
<arg>${homeStockbitLogo}</arg>
<arg>20</arg>
<doc>Waits until the element ``locator`` is visible.</doc>
<status status="PASS" starttime="20231005 21:06:21.366" endtime="20231005 21:06:21.424"/>
</kw>
<status status="PASS" starttime="20231005 21:06:17.824" endtime="20231005 21:06:21.424"/>
</kw>
<kw name="Place Stock Order (Buy)" library="trading_area_page">
<arg>3</arg>
<kw name="Wait Until Element Is Visible" library="SeleniumLibrary">
<arg>${placeOrderForm}</arg>
<doc>Waits until the element ``locator`` is visible.</doc>
<status status="PASS" starttime="20231005 21:06:21.424" endtime="20231005 21:06:21.438"/>
</kw>
<kw name="Input Text" library="SeleniumLibrary">
<arg>${orderLotField}</arg>
<arg>${orderLotInput}</arg>
<doc>Types the given ``text`` into the text field identified by ``locator``.</doc>
<msg timestamp="20231005 21:06:21.439" level="INFO">Typing text '3' into text field '//div[@class="sc-gKXOVf jtzWDU"][5]/div/div/div[2]/input'.</msg>
<status status="PASS" starttime="20231005 21:06:21.438" endtime="20231005 21:06:21.649"/>
</kw>
<kw name="Click Button" library="SeleniumLibrary">
<arg>${placeOrderButton}</arg>
<doc>Clicks the button identified by ``locator``.</doc>
<msg timestamp="20231005 21:06:21.649" level="INFO">Clicking button '//button[@class="ant-btn ant-btn-primary ant-btn-block sc-ivTmOn sc-dcd7a266-16 fMuBlv hjKjuY"]'.</msg>
<status status="PASS" starttime="20231005 21:06:21.649" endtime="20231005 21:06:21.690"/>
</kw>
<kw name="Sleep" library="BuiltIn">
<arg>2</arg>
<doc>Pauses the test executed for the given time.</doc>
<msg timestamp="20231005 21:06:23.691" level="INFO">Slept 2 seconds</msg>
<status status="PASS" starttime="20231005 21:06:21.690" endtime="20231005 21:06:23.692"/>
</kw>
<status status="PASS" starttime="20231005 21:06:21.424" endtime="20231005 21:06:23.692"/>
</kw>
<kw name="User directed to Trade Order Page" library="trading_area_page">
<kw name="Wait Until Element Is Visible" library="SeleniumLibrary">
<arg>${placeOrderTable}</arg>
<arg>10</arg>
<doc>Waits until the element ``locator`` is visible.</doc>
<status status="PASS" starttime="20231005 21:06:23.692" endtime="20231005 21:06:23.711"/>
</kw>
<kw name="Element Should Be Visible" library="SeleniumLibrary">
<arg>${placeOrderTable}</arg>
<arg>10</arg>
<doc>Verifies that the element identified by ``locator`` is visible.</doc>
<msg timestamp="20231005 21:06:23.723" level="INFO">Element '//*[@id="main-container"]/div[2]/div[3]/div/div/div' is displayed.</msg>
<status status="PASS" starttime="20231005 21:06:23.711" endtime="20231005 21:06:23.723"/>
</kw>
<status status="PASS" starttime="20231005 21:06:23.692" endtime="20231005 21:06:23.723"/>
</kw>
<kw name="Get Text" library="SeleniumLibrary">
<var>${Status}</var>
<arg>${statusOrderBuy}</arg>
<doc>Returns the text value of the element identified by ``locator``.</doc>
<msg timestamp="20231005 21:06:23.734" level="INFO">${Status} = REJECTED</msg>
<status status="PASS" starttime="20231005 21:06:23.723" endtime="20231005 21:06:23.735"/>
</kw>
<kw name="Log" library="BuiltIn">
<arg>${Status}</arg>
<doc>Logs the given message with the given level.</doc>
<msg timestamp="20231005 21:06:23.735" level="INFO">REJECTED</msg>
<status status="PASS" starttime="20231005 21:06:23.735" endtime="20231005 21:06:23.735"/>
</kw>
<status status="PASS" starttime="20231005 21:06:17.823" endtime="20231005 21:06:23.735"/>
</iter>
<status status="PASS" starttime="20231005 21:06:11.046" endtime="20231005 21:06:23.735"/>
</for>
<kw name="Log List" library="Collections">
<arg>${symbol}</arg>
<doc>Logs the length and contents of the ``list`` using given ``level``.</doc>
<msg timestamp="20231005 21:06:23.736" level="INFO">List length is 3 and it contains following items:
0: CUAN
1: ADHI
2: KIJA</msg>
<status status="PASS" starttime="20231005 21:06:23.736" endtime="20231005 21:06:23.736"/>
</kw>
<status status="PASS" starttime="20231005 21:06:11.046" endtime="20231005 21:06:23.736"/>
</test>
<status status="PASS" starttime="20231005 21:05:46.917" endtime="20231005 21:06:23.737"/>
</suite>
<statistics>
<total>
<stat pass="3" fail="0" skip="0">All Tests</stat>
</total>
<tag>
</tag>
<suite>
<stat pass="3" fail="0" skip="0" id="s1" name="Tes2">Tes2</stat>
</suite>
</statistics>
<errors>
</errors>
</robot>
